MPASM 5.87           CLOCK_7SEGMENT_MAIN.ASM   8-21-2024  2:32:01         PAGE  1


LOC  OBJECT CODE     LINE SOURCE TEXT
  VALUE

                      00001 
                      00002 ; PIC16F628A Configuration Bit Settings
                      00003 
                      00004 ; Assembly source line config statements
                      00005 
                      00006 #include "p16f628a.inc"
                      00001         LIST
                      00002 
                      00003 ;==========================================================================
                      00004 ; Build date : Jan 06 2020
                      00005 ;  MPASM PIC16F628A processor include
                      00006 ; 
                      00007 ;  (c) Copyright 1999-2020 Microchip Technology, All rights reserved
                      00008 ;==========================================================================
                      00009 
                      00386         LIST
                      00007 
                      00008 ; CONFIG
                      00009 ; __config 0x3F50
2007   3F50           00010  __CONFIG _FOSC_INTOSCIO & _WDTE_OFF & _PWRTE_ON & _MCLRE_OFF & _BOREN_ON & _LVP_OFF & _CPD_OFF & _CP_OF
                            F
                      00011 
                      00012  #define    TMR_INI     d'61'
                      00013  #define    CNT1MS      d'20'
                      00014 
                      00015     ;レジスタ定義
                      00016     CBLOCK      0x20
  00000020            00017         w_tmp       ;割り込みハンドラ用
  00000021            00018         status_tmp  ;割り込みハンドラ用
                      00019         
  00000022            00020         sec     ;秒
  00000023            00021         min     ;分
  00000024            00022         hour    ;時間
  00000025            00023         sec_swap    ;16の桁用
  00000026            00024         min_swap    
  00000027            00025         hour_swap
  00000028            00026         digit   ;表示桁（0(時間2桁目)～6(秒1桁)）
  00000029            00027         count   ;割り込み回数カウンター
                      00028         
                      00029         
  0000002A            00030         CNT1    ;ダイナミック制御表示時間カウント用
  0000002B            00031         CNT2
                      00032     
                      00033     ENDC
                      00034 
                      00035     
                      00036     ORG     0x00
0000   2???           00037     GOTO    setup
                      00038     
                      00039     ORG     0x04
0004   2???           00040     GOTO    ISR
                      00041     
0005                  00042 setup:
MPASM 5.87           CLOCK_7SEGMENT_MAIN.ASM   8-21-2024  2:32:01         PAGE  2


LOC  OBJECT CODE     LINE SOURCE TEXT
  VALUE

0005   1283           00043     BCF     STATUS,RP0
0006   1303           00044     BCF     STATUS,RP1
                      00045     
0007   018B           00046     CLRF    INTCON      ;とりあえず割り込みダメ
                      00047     
                      00048     
0008   3007           00049     MOVLW   0x07
0009   009F           00050     MOVWF   CMCON       ;コンパレータ無効（すべてデジタル）
                      00051     
                      00052     
                      00053     
000A   1683           00054     BSF     STATUS,RP0      ;バンク1に
000B   3000           00055     MOVLW   B'00000000'
Message[302]: Register in operand not in bank 0.  Ensure that bank bits are correct.
000C   0085           00056     MOVWF   TRISA
Message[302]: Register in operand not in bank 0.  Ensure that bank bits are correct.
000D   0086           00057     MOVWF   TRISB           ;PORTA,Bともにすべて出力
                      00058     
000E   0185           00059     CLRF    PORTA
000F   0186           00060     CLRF    PORTB           ;ポートをクリア
                      00061     
                      00062     
Message[302]: Register in operand not in bank 0.  Ensure that bank bits are correct.
0010   158E           00063     BSF     PCON,OSCF       ;オシレーター4MHz
                      00064     
0011   1283           00065     BCF     STATUS,RP0      ;バンク0に
                      00066     
0012   3087           00067     MOVLW   B'10000111'     ;プリスケーラ1/256
Warning[224]: Use of this instruction is not recommended.
0013   0062           00068     OPTION
                      00069     
0014                  00070 main:
0014   303D           00071     MOVLW   TMR_INI
0015   0081           00072     MOVWF   TMR0            ;タイマー0初期値     256-61=195
0016   3014           00073     MOVLW   CNT1MS
0017   00A9           00074     MOVWF   count           ;割り込み繰り返し回数初期値
0018   3020           00075     MOVLW   B'00100000'
0019   008B           00076     MOVWF   INTCON          ;タイマー0のオバーフロー割り込み許可
                      00077     
001A                  00078 main_loop:
                      00079     
001A   2???           00080     CALL    dynamic_con
                      00081     
001B   2???           00082     GOTO    main_loop
                      00083 
                      00084 ;ダイナミック制御
001C                  00085 dynamic_con:
001C   0828           00086     MOVFW   digit       ;何桁目かをwに
001D   2???           00087     CALL    a_pattern   ;パターンを持ってくる
001E   0085           00088     MOVWF   PORTA       ;PORTA出力
                      00089     
                      00090     
001F   0828           00091     MOVFW   digit
MPASM 5.87           CLOCK_7SEGMENT_MAIN.ASM   8-21-2024  2:32:01         PAGE  3


LOC  OBJECT CODE     LINE SOURCE TEXT
  VALUE

0020   1C28           00092     BTFSS   digit,0     ;0bit目が1（1の桁だった時）だったらスキップ
0021   2???           00093     GOTO    get_16
                      00094     
                      00095     ;ここから一桁目の処理
                      00096     
0022   18A8           00097     BTFSC   digit,1     ;1bit目が0（分以外だった場合）スキップ
0023   2???           00098     GOTO    get_min
0024   1928           00099     BTFSC   digit,2     ;2bit目が0（時間だった場合）スキップ
0025   2???           00100     GOTO    get_sec
                      00101     
0026   0824           00102     MOVFW   hour        ;時間の1桁目をとってくる
0027   2???           00103     GOTO    set_data
                      00104     
0028                  00105 get_min:
0028   0823           00106     MOVFW   min         ;分の1桁目をとってくる
0029   2???           00107     GOTO    set_data
                      00108     
002A                  00109 get_sec:
002A   0822           00110     MOVFW   sec         ;秒の1桁目をとってくる
002B   2???           00111     GOTO    set_data
                      00112     
                      00113     ;ここから16の桁の処理
002C                  00114 get_16:
002C   18A8           00115     BTFSC   digit,1     ;1bit目が0（分以外だった場合）スキップ
002D   2???           00116     GOTO    get_min_16
002E   1928           00117     BTFSC   digit,2     ;2bit目が0（時間だった場合）スキップ
002F   2???           00118     GOTO    get_sec_16
                      00119     
0030   0E24           00120     SWAPF   hour,w      ;時間の16桁目をとってくる
0031   2???           00121     GOTO    set_data
                      00122     
0032                  00123 get_min_16:
0032   0E23           00124     SWAPF   min,w       ;分の16桁目をとってくる
0033   2???           00125     GOTO    set_data
                      00126 
0034                  00127 get_sec_16:
0034   0E22           00128     SWAPF   sec,w       ;秒の16桁目をとってくる
                      00129     
0035                  00130 set_data:
0035   2???           00131     CALL    segment_data    ;wの文字のデータをとってくる
0036   0086           00132     MOVWF   PORTB
                      00133     
                      00134     
0037   2???           00135     CALL    DLY_50
                      00136     
0038                  00137 inc_digit:
                      00138     
0038   0AA8           00139     INCF    digit,f     ;桁数をインクリメントして
0039   3006           00140     MOVLW   D'6'
003A   0228           00141     SUBWF   digit,w     ;6と比較して
003B   1D03           00142     BTFSS   STATUS,Z    ;6だったらスキップ
003C   2???           00143     GOTO    dynamic_con
                      00144     
MPASM 5.87           CLOCK_7SEGMENT_MAIN.ASM   8-21-2024  2:32:01         PAGE  4


LOC  OBJECT CODE     LINE SOURCE TEXT
  VALUE

003D   01A8           00145     CLRF    digit       ;桁数を0に戻す
003E   0008           00146     RETURN
                      00147 
                      00148 ;PORTAパターン
003F                  00149 a_pattern:
003F   3907           00150     ANDLW   b'00000111'     ;マスクする
0040   0782           00151     ADDWF   PCL,f
0041   3401           00152     RETLW   b'00000001'     ;RA0
0042   3402           00153     RETLW   b'00000010'     ;RA1
0043   3404           00154     RETLW   b'00000100'     ;RA2
0044   3408           00155     RETLW   b'00001000'     ;RA3
0045   3410           00156     RETLW   b'00010000'     ;RA4
0046   3440           00157     RETLW   b'01000000'     ;RA6
0047   0008           00158     RETURN
                      00159       
                      00160 ;7セグデータ
0048                  00161 segment_data:
0048   390F           00162     ANDLW   b'00001111'     ;マスクする
0049   0782           00163     ADDWF   PCL,f
004A   3403           00164     RETLW   b'00000011'     ;0
004B   349F           00165     RETLW   b'10011111'     ;1
004C   3425           00166     RETLW   b'00100101'     ;2
004D   340D           00167     RETLW   b'00001101'     ;3
004E   3499           00168     RETLW   b'10011001'     ;4
004F   3449           00169     RETLW   b'01001001'     ;5
0050   3441           00170     RETLW   b'01000001'     ;6
0051   341B           00171     RETLW   b'00011011'     ;7
0052   3401           00172     RETLW   b'00000001'     ;8
0053   3419           00173     RETLW   b'00011001'     ;9
0054   3411           00174     RETLW   b'00010001'     ;A
0055   34C1           00175     RETLW   b'11000001'     ;B
0056   34E5           00176     RETLW   b'11100101'     ;C
0057   3485           00177     RETLW   b'10000101'     ;D
0058   3461           00178     RETLW   b'01100001'     ;E
0059   3471           00179     RETLW   b'01110001'     ;F
005A   0008           00180     RETURN
                      00181     
005B                  00182 DLY_50:
005B   3032           00183     MOVLW   d'50'   ;50ms
005C   00AA           00184     MOVWF   CNT1
                      00185     
005D                  00186 DLP1:
005D   30C8           00187     MOVLW   d'200'  ;1ms
005E   00AB           00188     MOVWF   CNT2
                      00189     
005F                  00190 DLP2:
005F   0000           00191     NOP
0060   0000           00192     NOP
0061   0BAB           00193     DECFSZ  CNT2,f
0062   2???           00194     GOTO    DLP2
0063   0BAA           00195     DECFSZ  CNT1,f
0064   2???           00196     GOTO    DLP1
0065   0008           00197     RETURN
MPASM 5.87           CLOCK_7SEGMENT_MAIN.ASM   8-21-2024  2:32:01         PAGE  5


LOC  OBJECT CODE     LINE SOURCE TEXT
  VALUE

                      00198 
                      00199 ;------------------------------------------------------------
                      00200 ;割り込み処理
0066                  00201 ISR:
0066   00A0           00202     MOVWF   w_tmp           ;退避
0067   0E03           00203     SWAPF   STATUS,w
0068   00A1           00204     MOVWF   status_tmp
0069   03A9           00205     DECF    count,f         ;割り込み回数カウントデクリメント
006A   1D03           00206     BTFSS   STATUS,Z        ;カウントがになったか？
006B   2???           00207     GOTO    set_timer       ;0以外はTMR0設定へ
006C   2???           00208     CALL    countup         ;カウントアップ処理（繰り上がり含む
006D   3014           00209     MOVLW   CNT1MS          ;割り込み回数再設定
006E   00A9           00210     MOVWF   count
                      00211     
                      00212     
006F                  00213 set_timer:
006F   303D           00214     MOVLW   TMR_INI         ;TMR0再設定
0070   0081           00215     MOVWF   TMR0
                      00216     
0071   3020           00217     MOVLW   B'00100000'     ;タイマー0のオバーフロー割り込み許可
0072   008B           00218     MOVWF   INTCON          ;T0IFビットクリア
                      00219     
0073   0E21           00220     SWAPF   status_tmp,w    ;復帰
0074   0083           00221     MOVWF   STATUS
0075   0EA0           00222     SWAPF   w_tmp,f
0076   0E20           00223     SWAPF   w_tmp,w
0077   0009           00224     RETFIE  
                      00225     
                      00226     
                      00227     
                      00228     
                      00229 ;1秒カウントアップ（繰り上がりを含む
0078                  00230 countup:
Message[305]: Using default destination of 1 (file).
0078   0AA2           00231     INCF    sec     ;インクリメント
0079   00BC           00232     MOVWF   d'60'
007A   0222           00233     SUBWF   sec,w   ;60引いてみて
007B   1D03           00234     BTFSS   STATUS,Z    ;0ならスキップ
007C   0008           00235     RETURN
                      00236     
                      00237     ;分の繰り上がり
007D   01A2           00238     CLRF    sec     ;秒を0に
007E   0AA3           00239     INCF    min,f   ;分をインクリメント
007F   303C           00240     MOVLW   d'60'
0080   0223           00241     SUBWF   min,w   ;60引いてみて
0081   1D03           00242     BTFSS   STATUS,Z    ;0ならスキップ
0082   0008           00243     RETURN
                      00244     
                      00245     ;時間の繰り上がり
0083   01A3           00246     CLRF    min     ;分を0に
0084   0A24           00247     INCF    hour,w  ;時間をインクリメント
0085   3018           00248     MOVLW   d'24'
0086   02A4           00249     SUBWF   hour,f  ;24引いてみて
MPASM 5.87           CLOCK_7SEGMENT_MAIN.ASM   8-21-2024  2:32:01         PAGE  6


LOC  OBJECT CODE     LINE SOURCE TEXT
  VALUE

0087   1D03           00250     BTFSS   STATUS,Z    ;0ならスキップ
0088   0008           00251     RETURN
                      00252     
                      00253     ;24時間経ったら全部クリア
0089   01A4           00254     CLRF    hour
008A   01A3           00255     CLRF    min
008B   01A2           00256     CLRF    sec
                      00257     
008C   0008           00258     RETURN
                      00259     
                      00260  
                      00261  
Warning[205]: Found directive in column 1. (END)
3F50                  00262 END
MPASM 5.87           CLOCK_7SEGMENT_MAIN.ASM   8-21-2024  2:32:01         PAGE  7


SYMBOL TABLE
  LABEL                             VALUE 

ADDEN                             00000003
ADEN                              00000003
BRGH                              00000002
C                                 00000000
C1INV                             00000004
C1OUT                             00000006
C2INV                             00000005
C2OUT                             00000007
CCP1CON                           00000017
CCP1IE                            00000002
CCP1IF                            00000002
CCP1M0                            00000000
CCP1M1                            00000001
CCP1M2                            00000002
CCP1M3                            00000003
CCP1X                             00000005
CCP1Y                             00000004
CCPR1                             00000015
CCPR1H                            00000016
CCPR1L                            00000015
CIS                               00000003
CM0                               00000000
CM1                               00000001
CM2                               00000002
CMCON                             0000001F
CMIE                              00000006
CMIF                              00000006
CNT1                              0000002A
CNT1MS                            d'20'
CNT2                              0000002B
CREN                              00000004
CSRC                              00000007
DATA_CP_OFF                       00003FFF
DATA_CP_ON                        00003EFF
DC                                00000001
DLP1                              0000005D
DLP2                              0000005F
DLY_50                            0000005B
EEADR                             0000009B
EECON1                            0000009C
EECON2                            0000009D
EEDATA                            0000009A
EEIE                              00000007
EEIF                              00000007
F                                 00000001
FERR                              00000002
FSR                               00000004
GIE                               00000007
INDF                              00000000
INTCON                            0000000B
INTE                              00000004
INTEDG                            00000006
INTF                              00000001
MPASM 5.87           CLOCK_7SEGMENT_MAIN.ASM   8-21-2024  2:32:01         PAGE  8


SYMBOL TABLE
  LABEL                             VALUE 

IRP                               00000007
ISR                               00000066
NOT_BO                            00000000
NOT_BOD                           00000000
NOT_BOR                           00000000
NOT_PD                            00000003
NOT_POR                           00000001
NOT_RBPU                          00000007
NOT_T1SYNC                        00000002
NOT_TO                            00000004
OERR                              00000001
OPTION_REG                        00000081
OSCF                              00000003
PCL                               00000002
PCLATH                            0000000A
PCON                              0000008E
PEIE                              00000006
PIE1                              0000008C
PIR1                              0000000C
PORTA                             00000005
PORTB                             00000006
PR2                               00000092
PS0                               00000000
PS1                               00000001
PS2                               00000002
PSA                               00000003
RA0                               00000000
RA1                               00000001
RA2                               00000002
RA3                               00000003
RA4                               00000004
RA5                               00000005
RA6                               00000006
RA7                               00000007
RB0                               00000000
RB1                               00000001
RB2                               00000002
RB3                               00000003
RB4                               00000004
RB5                               00000005
RB6                               00000006
RB7                               00000007
RBIE                              00000003
RBIF                              00000000
RCIE                              00000005
RCIF                              00000005
RCREG                             0000001A
RCSTA                             00000018
RD                                00000000
RP0                               00000005
RP1                               00000006
RX9                               00000006
RX9D                              00000000
MPASM 5.87           CLOCK_7SEGMENT_MAIN.ASM   8-21-2024  2:32:01         PAGE  9


SYMBOL TABLE
  LABEL                             VALUE 

SPBRG                             00000099
SPEN                              00000007
SREN                              00000005
STATUS                            00000003
SYNC                              00000004
T0CS                              00000005
T0IE                              00000005
T0IF                              00000002
T0SE                              00000004
T1CKPS0                           00000004
T1CKPS1                           00000005
T1CON                             00000010
T1OSCEN                           00000003
T2CKPS0                           00000000
T2CKPS1                           00000001
T2CON                             00000012
TMR0                              00000001
TMR0IE                            00000005
TMR0IF                            00000002
TMR1                              0000000E
TMR1CS                            00000001
TMR1H                             0000000F
TMR1IE                            00000000
TMR1IF                            00000000
TMR1L                             0000000E
TMR1ON                            00000000
TMR2                              00000011
TMR2IE                            00000001
TMR2IF                            00000001
TMR2ON                            00000002
TMR_INI                           d'61'
TOUTPS0                           00000003
TOUTPS1                           00000004
TOUTPS2                           00000005
TOUTPS3                           00000006
TRISA                             00000085
TRISA0                            00000000
TRISA1                            00000001
TRISA2                            00000002
TRISA3                            00000003
TRISA4                            00000004
TRISA5                            00000005
TRISA6                            00000006
TRISA7                            00000007
TRISB                             00000086
TRISB0                            00000000
TRISB1                            00000001
TRISB2                            00000002
TRISB3                            00000003
TRISB4                            00000004
TRISB5                            00000005
TRISB6                            00000006
TRISB7                            00000007
MPASM 5.87           CLOCK_7SEGMENT_MAIN.ASM   8-21-2024  2:32:01         PAGE 10


SYMBOL TABLE
  LABEL                             VALUE 

TRMT                              00000001
TX9                               00000006
TX9D                              00000000
TXEN                              00000005
TXIE                              00000004
TXIF                              00000004
TXREG                             00000019
TXSTA                             00000098
VR0                               00000000
VR1                               00000001
VR2                               00000002
VR3                               00000003
VRCON                             0000009F
VREN                              00000007
VROE                              00000006
VRR                               00000005
W                                 00000000
WR                                00000001
WREN                              00000002
WRERR                             00000003
Z                                 00000002
_BODEN_OFF                        00003FBF
_BODEN_ON                         00003FFF
_BOREN_OFF                        00003FBF
_BOREN_ON                         00003FFF
_CONFIG                           00002007
_CPD_OFF                          00003FFF
_CPD_ON                           00003EFF
_CP_OFF                           00003FFF
_CP_ON                            00001FFF
_DEVID1                           00002006
_ER_OSC_CLKOUT                    00003FFF
_ER_OSC_NOCLKOUT                  00003FFE
_EXTCLK_OSC                       00003FEF
_FOSC_ECIO                        00003FEF
_FOSC_EXTRCCLK                    00003FFF
_FOSC_EXTRCIO                     00003FFE
_FOSC_HS                          00003FEE
_FOSC_INTOSCCLK                   00003FFD
_FOSC_INTOSCIO                    00003FFC
_FOSC_LP                          00003FEC
_FOSC_XT                          00003FED
_HS_OSC                           00003FEE
_IDLOC0                           00002000
_IDLOC1                           00002001
_IDLOC2                           00002002
_IDLOC3                           00002003
_INTOSC_OSC_CLKOUT                00003FFD
_INTOSC_OSC_NOCLKOUT              00003FFC
_INTRC_OSC_CLKOUT                 00003FFD
_INTRC_OSC_NOCLKOUT               00003FFC
_LP_OSC                           00003FEC
_LVP_OFF                          00003F7F
MPASM 5.87           CLOCK_7SEGMENT_MAIN.ASM   8-21-2024  2:32:01         PAGE 11


SYMBOL TABLE
  LABEL                             VALUE 

_LVP_ON                           00003FFF
_MCLRE_OFF                        00003FDF
_MCLRE_ON                         00003FFF
_PWRTE_OFF                        00003FFF
_PWRTE_ON                         00003FF7
_RC_OSC_CLKOUT                    00003FFF
_RC_OSC_NOCLKOUT                  00003FFE
_WDTE_OFF                         00003FFB
_WDTE_ON                          00003FFF
_WDT_OFF                          00003FFB
_WDT_ON                           00003FFF
_XT_OSC                           00003FED
__16F628A                         00000001
a_pattern                         0000003F
count                             00000029
countup                           00000078
digit                             00000028
dynamic_con                       0000001C
get_16                            0000002C
get_min                           00000028
get_min_16                        00000032
get_sec                           0000002A
get_sec_16                        00000034
hour                              00000024
hour_swap                         00000027
inc_digit                         00000038
main                              00000014
main_loop                         0000001A
min                               00000023
min_swap                          00000026
sec                               00000022
sec_swap                          00000025
segment_data                      00000048
set_data                          00000035
set_timer                         0000006F
setup                             00000005
status_tmp                        00000021
w_tmp                             00000020

Errors   :     0
Warnings :     2 reported,     0 suppressed
Messages :     4 reported,     0 suppressed

